[SSE chunk] "I"
[SSE chunk] "'ll"
[SSE chunk] " list"
[SSE chunk] " the"
[SSE chunk] " files"
[SSE chunk] " in"
[SSE chunk] " the"
[SSE chunk] " current"
[SSE chunk] " directory"
[SSE chunk] " to"
[SSE chunk] " see"
[SSE chunk] " what"
[SSE chunk] "'s"
[SSE chunk] " available"
[SSE chunk] "."
[SSE chunk] "This"
[SSE chunk] " appears"
[SSE chunk] " to"
[SSE chunk] " be"
[SSE chunk] " a"
[SSE chunk] " Go"
[SSE chunk] " project"
[SSE chunk] " directory"
[SSE chunk] " with"
[SSE chunk] " various"
[SSE chunk] " components"
[SSE chunk] "."
[SSE chunk] " The"
[SSE chunk] " directory"
[SSE chunk] " structure"
[SSE chunk] " shows"
[SSE chunk] ":\n\n"
[SSE chunk] "-"
[SSE chunk] " **"
[SSE chunk] "agent"
[SSE chunk] "/"
[SSE chunk] "**:"
[SSE chunk] " Lik"
[SSE chunk] "ely"
[SSE chunk] " contains"
[SSE chunk] " agent"
[SSE chunk] " implementations"
[SSE chunk] "\n"
[SSE chunk] "-"
[SSE chunk] " **"
[SSE chunk] "cmd"
[SSE chunk] "/"
[SSE chunk] "**:"
[SSE chunk] " Command"
[SSE chunk] "-line"
[SSE chunk] " interface"
[SSE chunk] " components"
[SSE chunk] "\n"
[SSE chunk] "-"
[SSE chunk] " **"
[SSE chunk] "config"
[SSE chunk] "s"
[SSE chunk] "/"
[SSE chunk] "**:"
[SSE chunk] " Configuration"
[SSE chunk] " files"
[SSE chunk] "\n"
[SSE chunk] "-"
[SSE chunk] " **"
[SSE chunk] "docs"
[SSE chunk] "/"
[SSE chunk] "**:"
[SSE chunk] " Documentation"
[SSE chunk] "\n"
[SSE chunk] "-"
[SSE chunk] " **"
[SSE chunk] "internal"
[SSE chunk] "/"
[SSE chunk] "**:"
[SSE chunk] " Internal"
[SSE chunk] " Go"
[SSE chunk] " packages"
[SSE chunk] "\n"
[SSE chunk] "-"
[SSE chunk] " **"
[SSE chunk] "runtime"
[SSE chunk] "/"
[SSE chunk] "**:"
[SSE chunk] " Runtime"
[SSE chunk] " components"
[SSE chunk] "\n"
[SSE chunk] "-"
[SSE chunk] " **"
[SSE chunk] "test"
[SSE chunk] "/"
[SSE chunk] "**:"
[SSE chunk] " Test"
[SSE chunk] " files"
[SSE chunk] "\n"
[SSE chunk] "-"
[SSE chunk] " **"
[SSE chunk] "tools"
[SSE chunk] "/"
[SSE chunk] "**:"
[SSE chunk] " Development"
[SSE chunk] " tools"
[SSE chunk] "\n"
[SSE chunk] "-"
[SSE chunk] " **"
[SSE chunk] "ui"
[SSE chunk] "/"
[SSE chunk] "**:"
[SSE chunk] " User"
[SSE chunk] " interface"
[SSE chunk] " components"
[SSE chunk] "\n"
[SSE chunk] "-"
[SSE chunk] " **"
[SSE chunk] "work"
[SSE chunk] "flow"
[SSE chunk] "/"
[SSE chunk] "**:"
[SSE chunk] " Work"
[SSE chunk] "flow"
[SSE chunk] " definitions"
[SSE chunk] "\n\n"
[SSE chunk] "There"
[SSE chunk] " are"
[SSE chunk] " also"
[SSE chunk] " Go"
[SSE chunk] " module"
[SSE chunk] " files"
[SSE chunk] " (`"
[SSE chunk] "go"
[SSE chunk] ".mod"
[SSE chunk] "`,"
[SSE chunk] " `"
[SSE chunk] "go"
[SSE chunk] ".sum"
[SSE chunk] "`)"
[SSE chunk] " and"
[SSE chunk] " several"
[SSE chunk] " executable"
[SSE chunk] " files"
[SSE chunk] " (`"
[SSE chunk] "ms"
[SSE chunk] "code"
[SSE chunk] "`,"
[SSE chunk] " `"
[SSE chunk] "ms"
[SSE chunk] "code"
[SSE chunk] "-server"
[SSE chunk] "`"
[SSE chunk] ")."
[SSE chunk] " This"
[SSE chunk] " looks"
[SSE chunk] " like"
[SSE chunk] " a"
[SSE chunk] " development"
[SSE chunk] " environment"
[SSE chunk] " or"
[SSE chunk] " tool"
[SSE chunk] "ing"
[SSE chunk] " project"
[SSE chunk] ","
[SSE chunk] " possibly"
[SSE chunk] " related"
[SSE chunk] " to"
[SSE chunk] " the"
[SSE chunk] " Mind"
[SSE chunk] "Sp"
[SSE chunk] "ore"
[SSE chunk] " ecosystem"
[SSE chunk] " based"
[SSE chunk] " on"
[SSE chunk] " the"
[SSE chunk] " file"
[SSE chunk] " names"
[SSE chunk] " and"
[SSE chunk] " the"
[SSE chunk] " presence"
[SSE chunk] " of"
[SSE chunk] " `."
[SSE chunk] "ms"
[SSE chunk] "code"
[SSE chunk] "`"
[SSE chunk] " directory"
[SSE chunk] ".\n\n"
[SSE chunk] "Is"
[SSE chunk] " there"
[SSE chunk] " something"
[SSE chunk] " specific"
[SSE chunk] " you"
[SSE chunk] "'d"
[SSE chunk] " like"
[SSE chunk] " me"
[SSE chunk] " to"
[SSE chunk] " help"
[SSE chunk] " you"
[SSE chunk] " with"
[SSE chunk] " in"
[SSE chunk] " this"
[SSE chunk] " project"
[SSE chunk] "?"
